Removed Pin From Net: NetName=NetSB1_1 Pin=SB1-2
Removed Pin From Net: NetName=NetSB1_2 Pin=SB1-4
Removed Pin From Net: NetName=NetSB2_1 Pin=SB2-2
Removed Pin From Net: NetName=NetSB1_2 Pin=SB2-4
Removed Pin From Net: NetName=NetSB3_1 Pin=SB3-2
Removed Pin From Net: NetName=NetSB1_2 Pin=SB3-4
Removed Pin From Net: NetName=NetSB4_1 Pin=SB4-2
Removed Pin From Net: NetName=NetSB1_2 Pin=SB4-4
Change Component Designator: OldDesignator=R? NewDesignator=R6
Change Component Designator: OldDesignator=R? NewDesignator=R7
Change Component Designator: OldDesignator=R? NewDesignator=R8
Change Component Designator: OldDesignator=R? NewDesignator=R9
Change Net Name : Old Net Name=NetR?_1 New Net Name=NetR6_1
Added Pin To Net: NetName=NetR7_1 Pin=R7-1
Added Pin To Net: NetName=NetR7_1 Pin=X2-2
Added Net: Name=NetR7_1
Added Pin To Net: NetName=NetR8_1 Pin=R8-1
Added Pin To Net: NetName=NetR8_1 Pin=X2-3
Added Net: Name=NetR8_1
Added Pin To Net: NetName=NetR9_1 Pin=R9-1
Added Pin To Net: NetName=NetR9_1 Pin=X2-6
Added Net: Name=NetR9_1
