Added Component: Designator=R11(Resistor SMD 1206)
Added Component: Designator=R12(Resistor SMD 1206)
Added Component: Designator=R13(Resistor SMD 1206)
Added Component: Designator=R14(Resistor SMD 1206)
Added Pin To Net: NetName=VDD Pin=R11-1
Added Pin To Net: NetName=VDD Pin=R12-1
Added Pin To Net: NetName=VDD Pin=R13-1
Added Pin To Net: NetName=VDD Pin=R14-1
Added Pin To Net: NetName=GND Pin=SB1-2
Added Pin To Net: NetName=GND Pin=SB2-2
Added Pin To Net: NetName=GND Pin=SB3-2
Added Pin To Net: NetName=GND Pin=SB4-2
Added Pin To Net: NetName=GND Pin=X7-4
Added Pin To Net: NetName=VDD Pin=X7-5
Added Pin To Net: NetName=NetR11_2 Pin=R11-2
Added Pin To Net: NetName=NetR11_2 Pin=SB1-1
Added Pin To Net: NetName=NetR11_2 Pin=X7-1
Added Net: Name=NetR11_2
Added Pin To Net: NetName=NetR12_2 Pin=R12-2
Added Pin To Net: NetName=NetR12_2 Pin=SB2-1
Added Pin To Net: NetName=NetR12_2 Pin=X7-2
Added Net: Name=NetR12_2
Added Pin To Net: NetName=NetR13_2 Pin=R13-2
Added Pin To Net: NetName=NetR13_2 Pin=SB3-1
Added Pin To Net: NetName=NetR13_2 Pin=X7-3
Added Net: Name=NetR13_2
Added Pin To Net: NetName=NetR14_2 Pin=R14-2
Added Pin To Net: NetName=NetR14_2 Pin=SB4-1
Added Pin To Net: NetName=NetR14_2 Pin=X7-6
Added Net: Name=NetR14_2
Added Member To Class: ClassName=Keyboard Member=Component R11 Resistor (0.05W)
Added Member To Class: ClassName=Keyboard Member=Component R12 Resistor (0.05W)
Added Member To Class: ClassName=Keyboard Member=Component R13 Resistor (0.05W)
Added Member To Class: ClassName=Keyboard Member=Component R14 Resistor (0.05W)
