Change Component Designator: Old Designator=C1 New Designator=C?
Change Component Designator: Old Designator=C2 New Designator=C?
Change Component Designator: Old Designator=C3 New Designator=C?
Change Component Designator: Old Designator=C4 New Designator=C?
Change Component Designator: Old Designator=C6 New Designator=C?
Change Component Designator: Old Designator=C7 New Designator=C?
Change Component Designator: Old Designator=C8 New Designator=C?
Change Component Designator: Old Designator=C9 New Designator=C?
Change Component Designator: Old Designator=D1 New Designator=D?
Change Component Designator: Old Designator=D2 New Designator=D?
Change Component Designator: Old Designator=DA1 New Designator=DA?
Change Component Designator: Old Designator=DA2 New Designator=DA?
Change Component Designator: Old Designator=DD1 New Designator=DD?
Change Component Designator: Old Designator=JP1 New Designator=JP?
Change Component Designator: Old Designator=R1 New Designator=R?
Change Component Designator: Old Designator=R2 New Designator=R?
Change Component Designator: Old Designator=R3 New Designator=R?
Change Component Designator: Old Designator=R4 New Designator=R?
Change Component Designator: Old Designator=R5 New Designator=R?
Change Component Designator: Old Designator=RP1 New Designator=RP?
Change Component Designator: Old Designator=V1 New Designator=V?
Change Component Designator: Old Designator=VT1 New Designator=VT?
Change Component Designator: Old Designator=X1 New Designator=X?
Change Component Designator: Old Designator=X2 New Designator=X?
Change Component Designator: Old Designator=X3 New Designator=X?
Change Component Designator: Old Designator=X4 New Designator=X?
Change Component Designator: Old Designator=X5 New Designator=X?
Change Component Designator: Old Designator=X6 New Designator=X?
Change Component Designator: Old Designator=ZQ1 New Designator=ZQ?
