Replace Part C1 Capacitor in D:\Thermostat\STM8_Thermostat\Schema.SchDoc with Capacitor from Components.SchLib
Replace Part C2 Capacitor in D:\Thermostat\STM8_Thermostat\Schema.SchDoc with Capacitor from Components.SchLib
Replace Part C3 Capacitor in D:\Thermostat\STM8_Thermostat\Schema.SchDoc with Capacitor from Components.SchLib
Replace Part C4 Capacitor in D:\Thermostat\STM8_Thermostat\Schema.SchDoc with Capacitor from Components.SchLib
Replace Part C5 Capacitor in D:\Thermostat\STM8_Thermostat\Schema.SchDoc with Capacitor from Components.SchLib
Replace Part C6 Capacitor in D:\Thermostat\STM8_Thermostat\Schema.SchDoc with Capacitor from Components.SchLib
Replace Part C7 Ionistor in D:\Thermostat\STM8_Thermostat\Schema.SchDoc with Ionistor from Components.SchLib
Replace Part C8 Capacitor (Polarized) in D:\Thermostat\STM8_Thermostat\Schema.SchDoc with Capacitor (Polarized) from Components.SchLib
Replace Part D1 Diode in D:\Thermostat\STM8_Thermostat\Schema.SchDoc with Diode from Components.SchLib
Replace Part D2 Diode in D:\Thermostat\STM8_Thermostat\Schema.SchDoc with Diode from Components.SchLib
Replace Part DA1 LM1117 in D:\Thermostat\STM8_Thermostat\Schema.SchDoc with LM1117 from Components.SchLib
Replace Part DA2 LM1117 in D:\Thermostat\STM8_Thermostat\Schema.SchDoc with LM1117 from Components.SchLib
Replace Part DD1 STM8L051F3P6 (TSSOP-20) in D:\Thermostat\STM8_Thermostat\Schema.SchDoc with STM8L051F3P6 (TSSOP-20) from Components.SchLib
Replace Part JP1 Jumper in D:\Thermostat\STM8_Thermostat\Schema.SchDoc with Jumper from Components.SchLib
Replace Part JP2 Jumper in D:\Thermostat\STM8_Thermostat\Schema.SchDoc with Jumper from Components.SchLib
Replace Part R1 Resistor (0.05W) in D:\Thermostat\STM8_Thermostat\Schema.SchDoc with Resistor (0.05W) from Components.SchLib
Replace Part R2 Resistor (0.05W) in D:\Thermostat\STM8_Thermostat\Schema.SchDoc with Resistor (0.05W) from Components.SchLib
Replace Part R3 Resistor (0.05W) in D:\Thermostat\STM8_Thermostat\Schema.SchDoc with Resistor (0.05W) from Components.SchLib
Replace Part R4 Resistor (0.05W) in D:\Thermostat\STM8_Thermostat\Schema.SchDoc with Resistor (0.05W) from Components.SchLib
Replace Part RP1 Variable_Resistor in D:\Thermostat\STM8_Thermostat\Schema.SchDoc with Variable_Resistor from Components.SchLib
Replace Part V1 Optocoupler in D:\Thermostat\STM8_Thermostat\Schema.SchDoc with Optocoupler from Components.SchLib
Replace Part VT1 MOSFET in D:\Thermostat\STM8_Thermostat\Schema.SchDoc with MOSFET from Components.SchLib
Replace Part X1 SWIM_Connector in D:\Thermostat\STM8_Thermostat\Schema.SchDoc with SWIM_Connector from Components.SchLib
Replace Part X2 KBD_Connector in D:\Thermostat\STM8_Thermostat\Schema.SchDoc with KBD_Connector from Components.SchLib
Replace Part X3 OptOutput in D:\Thermostat\STM8_Thermostat\Schema.SchDoc with OptOutput from Components.SchLib
Replace Part X4 WH1601 in D:\Thermostat\STM8_Thermostat\Schema.SchDoc with WH1601 from Components.SchLib
Replace Part X5 OptOutput in D:\Thermostat\STM8_Thermostat\Schema.SchDoc with OptOutput from Components.SchLib
Replace Part X6 OptOutput in D:\Thermostat\STM8_Thermostat\Schema.SchDoc with OptOutput from Components.SchLib
Replace Part ZQ1 Oscillator_small in D:\Thermostat\STM8_Thermostat\Schema.SchDoc with Oscillator_small from Components.SchLib
