Removed Pin From Net: NetName=NetDD1_6 Pin=0R1-1
Removed Pin From Net: NetName=NetDD1_6 Pin=0R1-2
Removed Pin From Net: NetName=GND Pin=0R2-1
Removed Pin From Net: NetName=GND Pin=0R2-2
Removed Pin From Net: NetName=VDD Pin=0R3-1
Removed Pin From Net: NetName=VDD Pin=0R3-2
Removed Pin From Net: NetName=+5V Pin=0R4-1
Removed Pin From Net: NetName=+5V Pin=0R4-2
Removed Pin From Net: NetName=GND Pin=0R5-1
Removed Pin From Net: NetName=GND Pin=0R5-2
Removed Pin From Net: NetName=+5V Pin=0R6-1
Removed Pin From Net: NetName=+5V Pin=0R6-2
Removed Pin From Net: NetName=GND Pin=0R7-1
Removed Pin From Net: NetName=GND Pin=0R7-2
Removed Pin From Net: NetName=+5V Pin=D1-1
Removed Pin From Net: NetName=VDD Pin=DA1-2
Removed Pin From Net: NetName=VDD Pin=DA1-4
Removed Pin From Net: NetName=NetR3_1 Pin=VT1-3
Removed Pin From Net: NetName=GND Pin=X4-16
Change Component Comment : Designator=D2 Old Comment=BAP65-03 New Comment=BAT760
Change Component Designator: OldDesignator=D2 NewDesignator=D1
Added Component: Designator=C9(CAPACITOR SMD 1206)
Added Component: Designator=D2(SODFL250X110-2N)
Added Component: Designator=SB1(BUTTON SMD)
Added Component: Designator=SB2(BUTTON SMD)
Added Component: Designator=SB3(BUTTON SMD)
Added Component: Designator=SB4(BUTTON SMD)
Added Component: Designator=X7(KBD_Connector)
Added Pin To Net: NetName=VDD Pin=C7-2
Added Pin To Net: NetName=GND Pin=C9-2
Added Pin To Net: NetName=VDD Pin=D1-2
Added Pin To Net: NetName=+5V Pin=DA1-3
Added Pin To Net: NetName=NetSB1_1 Pin=SB1-1
Added Pin To Net: NetName=NetSB1_2 Pin=SB1-3
Added Pin To Net: NetName=NetSB2_1 Pin=SB2-1
Added Pin To Net: NetName=NetSB1_2 Pin=SB2-3
Added Pin To Net: NetName=NetSB3_1 Pin=SB3-1
Added Pin To Net: NetName=NetSB1_2 Pin=SB3-3
Added Pin To Net: NetName=NetSB4_1 Pin=SB4-1
Added Pin To Net: NetName=NetSB1_2 Pin=SB4-3
Added Pin To Net: NetName=GND Pin=VT1-2
Added Pin To Net: NetName=NetR3_1 Pin=X4-15
Added Pin To Net: NetName=NetSB1_1 Pin=X7-1
Added Pin To Net: NetName=NetSB2_1 Pin=X7-2
Added Pin To Net: NetName=NetSB3_1 Pin=X7-3
Added Pin To Net: NetName=NetSB1_2 Pin=X7-5
Added Pin To Net: NetName=NetSB4_1 Pin=X7-6
Added Pin To Net: NetName=NetC9_1 Pin=C9-1
Added Pin To Net: NetName=NetC9_1 Pin=D2-2
Added Pin To Net: NetName=NetC9_1 Pin=DA2-3
Added Net: Name=NetC9_1
Added Pin To Net: NetName=NetD1_1 Pin=D1-1
Added Pin To Net: NetName=NetD1_1 Pin=DA1-2
Added Pin To Net: NetName=NetD1_1 Pin=DA1-4
Added Net: Name=NetD1_1
Added Pin To Net: NetName=NetD2_1 Pin=D2-1
Added Net: Name=NetD2_1
Added Pin To Net: NetName=NetFU1_1 Pin=X6-1
Added Net: Name=NetFU1_1
Added Pin To Net: NetName=NetVT1_3 Pin=VT1-3
Added Pin To Net: NetName=NetVT1_3 Pin=X4-16
Added Net: Name=NetVT1_3
Added Member To Class: ClassName=Schema Member=Component C9 Capacitor
