Added Component: Designator=C1(CAPACITOR SMD 1206)
Added Component: Designator=C2(CAPACITOR SMD 1206)
Added Component: Designator=C3(CAPACITOR SMD 1206)
Added Component: Designator=C4(CAPACITOR SMD 1206)
Added Component: Designator=C5(CAPACITOR SMD 1206)
Added Component: Designator=C6(CAPACITOR SMD 1206)
Added Component: Designator=C8(BigCapacitor)
Added Component: Designator=DA1(SOT230P700X180-4N)
Added Component: Designator=DA2(SOT230P700X180-4N)
Added Component: Designator=JP1(Jumper)
Added Component: Designator=JP2(Jumper)
Added Component: Designator=R1(Resistor SMD 1206)
Added Component: Designator=R2(Resistor SMD 1206)
Added Component: Designator=R3(Resistor SMD 1206)
Added Component: Designator=R4(Resistor SMD 1206)
Added Component: Designator=ZQ1(KX-26)
Added Pin To Net: NetName=+5V Pin=C3-1
Added Pin To Net: NetName=+5V Pin=C8-1
Added Pin To Net: NetName=+5V Pin=DA1-3
Added Pin To Net: NetName=+5V Pin=DA2-2
Added Pin To Net: NetName=+5V Pin=DA2-4
Added Pin To Net: NetName=+5V Pin=R2-2
Added Net: Name=+5V
Added Pin To Net: NetName=GND Pin=C3-2
Added Pin To Net: NetName=GND Pin=C4-1
Added Pin To Net: NetName=GND Pin=C5-1
Added Pin To Net: NetName=GND Pin=C6-1
Added Pin To Net: NetName=GND Pin=C8-2
Added Pin To Net: NetName=GND Pin=DA1-1
Added Pin To Net: NetName=GND Pin=DA2-1
Added Pin To Net: NetName=GND Pin=JP2-1
Added Pin To Net: NetName=GND Pin=R3-1
Added Net: Name=GND
Added Pin To Net: NetName=NetC1_2 Pin=C1-2
Added Pin To Net: NetName=NetC1_2 Pin=ZQ1-2
Added Net: Name=NetC1_2
Added Pin To Net: NetName=NetC2_2 Pin=C2-2
Added Pin To Net: NetName=NetC2_2 Pin=ZQ1-1
Added Net: Name=NetC2_2
Added Pin To Net: NetName=NetC4_2 Pin=C4-2
Added Net: Name=NetC4_2
Added Pin To Net: NetName=NetC5_2 Pin=C5-2
Added Pin To Net: NetName=NetC5_2 Pin=JP2-2
Added Net: Name=NetC5_2
Added Net: Name=NetC7_1
Added Pin To Net: NetName=NetD1_1 Pin=DA1-2
Added Pin To Net: NetName=NetD1_1 Pin=DA1-4
Added Net: Name=NetD1_1
Added Pin To Net: NetName=NetDA2_3 Pin=DA2-3
Added Net: Name=NetDA2_3
Added Net: Name=NetDD1_3
Added Pin To Net: NetName=NetDD1_5 Pin=R4-1
Added Net: Name=NetDD1_5
Added Net: Name=NetDD1_6
Added Net: Name=NetDD1_9
Added Net: Name=NetDD1_10
Added Net: Name=NetDD1_11
Added Net: Name=NetDD1_12
Added Net: Name=NetDD1_13
Added Net: Name=NetDD1_14
Added Net: Name=NetDD1_15
Added Pin To Net: NetName=NetDD1_16 Pin=R1-2
Added Net: Name=NetDD1_16
Added Net: Name=NetDD1_17
Added Net: Name=NetDD1_18
Added Net: Name=NetDD1_19
Added Net: Name=NetDD1_20
Added Pin To Net: NetName=NetJP1_1 Pin=JP1-1
Added Net: Name=NetJP1_1
Added Pin To Net: NetName=NetR1_1 Pin=R1-1
Added Pin To Net: NetName=NetR1_1 Pin=R3-2
Added Net: Name=NetR1_1
Added Pin To Net: NetName=NetR2_1 Pin=R2-1
Added Net: Name=NetR2_1
Added Pin To Net: NetName=NetR4_2 Pin=R4-2
Added Net: Name=NetR4_2
Added Net: Name=NetV1_3
Added Net: Name=NetV1_4
Added Net: Name=NetVT1_2
Added Pin To Net: NetName=VDD Pin=C6-2
Added Pin To Net: NetName=VDD Pin=JP1-2
Added Net: Name=VDD
Added Class: Name=Schema
Added Room: Name=Schema
